[debug] [2019-02-12T19:06:05.477Z] ----------------------------------------------------------------------
[debug] [2019-02-12T19:06:05.480Z] Command:       C:\Program Files\nodejs\node.exe C:\Users\Dallin's PC\AppData\Roaming\npm\node_modules\firebase-tools\lib\bin\firebase.js deploy
[debug] [2019-02-12T19:06:05.481Z] CLI Version:   6.3.1
[debug] [2019-02-12T19:06:05.481Z] Platform:      win32
[debug] [2019-02-12T19:06:05.481Z] Node Version:  v10.15.0
[debug] [2019-02-12T19:06:05.482Z] Time:          Tue Feb 12 2019 12:06:05 GMT-0700 (Mountain Standard Time)
[debug] [2019-02-12T19:06:05.482Z] ----------------------------------------------------------------------
[debug] 
[debug] [2019-02-12T19:06:05.497Z] > command requires scopes: ["email","openid","https://www.googleapis.com/auth/cloudplatformprojects.readonly","https://www.googleapis.com/auth/firebase","https://www.googleapis.com/auth/cloud-platform"]
[debug] [2019-02-12T19:06:05.498Z] > authorizing via signed-in user
[debug] [2019-02-12T19:06:05.498Z] [iam] checking project meal-plan-generator-745c7 for permissions ["cloudfunctions.functions.create","cloudfunctions.functions.delete","cloudfunctions.functions.get","cloudfunctions.functions.list","cloudfunctions.functions.update","cloudfunctions.operations.get","datastore.indexes.create","datastore.indexes.delete","datastore.indexes.list","datastore.indexes.update","firebase.projects.get","firebasedatabase.instances.update","firebasehosting.sites.update","firebaserules.releases.create","firebaserules.releases.update","firebaserules.rulesets.create"]
[debug] [2019-02-12T19:06:05.500Z] >>> HTTP REQUEST POST https://cloudresourcemanager.googleapis.com/v1/projects/meal-plan-generator-745c7:testIamPermissions  

[debug] [2019-02-12T19:06:05.805Z] <<< HTTP RESPONSE 200
[debug] [2019-02-12T19:06:05.807Z] >>> HTTP REQUEST GET https://firebase.googleapis.com/v1beta1/projects/meal-plan-generator-745c7  
 
[debug] [2019-02-12T19:06:06.057Z] <<< HTTP RESPONSE 200
[info] 
[info] === Deploying to 'meal-plan-generator-745c7'...
[info] 
[info] i  deploying database, storage, firestore, functions, hosting
[info] Running command: npm --prefix "$RESOURCE_DIR" run lint
[info] +  functions: Finished running predeploy script.
[info] i  database: checking rules syntax...
[debug] [2019-02-12T19:06:10.329Z] >>> HTTP REQUEST PUT https://meal-plan-generator-745c7.firebaseio.com/.settings/rules.json?dryRun=true  
 {
  /* Visit https://firebase.google.com/docs/database/security to learn more about security rules. */
  "rules": {
    ".read": false,
    ".write": false
  }
}
[debug] [2019-02-12T19:06:10.571Z] <<< HTTP RESPONSE 200
[info] +  database: rules syntax for database meal-plan-generator-745c7 is valid
[debug] [2019-02-12T19:06:10.575Z] >>> HTTP REQUEST GET https://appengine.googleapis.com/v1/apps/meal-plan-generator-745c7  
 
[debug] [2019-02-12T19:06:11.595Z] <<< HTTP RESPONSE 200
[info] i  storage: checking storage.rules for compilation errors...
[debug] [2019-02-12T19:06:11.611Z] >>> HTTP REQUEST POST https://firebaserules.googleapis.com/v1/projects/meal-plan-generator-745c7:test  

[debug] [2019-02-12T19:06:12.498Z] <<< HTTP RESPONSE 200
[info] +  storage: rules file storage.rules compiled successfully
[info] i  firestore: checking firestore.rules for compilation errors...
[info] i  firestore: reading indexes from firestore.indexes.json...
[debug] [2019-02-12T19:06:12.511Z] >>> HTTP REQUEST POST https://firebaserules.googleapis.com/v1/projects/meal-plan-generator-745c7:test  

[debug] [2019-02-12T19:06:12.914Z] <<< HTTP RESPONSE 200
[info] +  firestore: rules file firestore.rules compiled successfully
[debug] [2019-02-12T19:06:12.917Z] > [functions] package.json contents: {
  "name": "functions",
  "description": "Cloud Functions for Firebase",
  "scripts": {
    "lint": "eslint .",
    "serve": "firebase serve --only functions",
    "shell": "firebase functions:shell",
    "start": "npm run shell",
    "deploy": "firebase deploy --only functions",
    "logs": "firebase functions:log"
  },
  "dependencies": {
    "firebase-admin": "~6.0.0",
    "firebase-functions": "^2.1.0"
  },
  "devDependencies": {
    "eslint": "^5.12.0",
    "eslint-plugin-promise": "^4.0.1"
  },
  "private": true
}
[info] i  functions: ensuring necessary APIs are enabled...
[debug] [2019-02-12T19:06:12.919Z] >>> HTTP REQUEST GET https://servicemanagement.googleapis.com/v1/services/cloudfunctions.googleapis.com/projectSettings/meal-plan-generator-745c7?view=CONSUMER_VIEW  
 
[debug] [2019-02-12T19:06:12.919Z] >>> HTTP REQUEST GET https://servicemanagement.googleapis.com/v1/services/runtimeconfig.googleapis.com/projectSettings/meal-plan-generator-745c7?view=CONSUMER_VIEW  
 
[debug] [2019-02-12T19:06:33.373Z] <<< HTTP RESPONSE 503
[debug] [2019-02-12T19:06:33.373Z] <<< HTTP RESPONSE BODY
[debug] [2019-02-12T19:06:33.408Z] <<< HTTP RESPONSE 503
[debug] [2019-02-12T19:06:33.408Z] <<< HTTP RESPONSE BODY
[error] 
[error] Error: HTTP Error: 503, The service is currently unavailable.
[debug] [2019-02-12T19:06:33.552Z] Error Context: {
  "body": {
    "error": {
      "code": 503,
      "message": "The service is currently unavailable.",
      "status": "UNAVAILABLE"
    }
  },
  "response": {
    "statusCode": 503,
    "body": {
      "error": {
        "code": 503,
        "message": "The service is currently unavailable.",
        "status": "UNAVAILABLE"
      }
    },
    "headers": {
      "vary": "X-Origin, Referer, Origin,Accept-Encoding",
      "content-type": "application/json; charset=UTF-8",
      "date": "Tue, 12 Feb 2019 19:06:30 GMT",
      "server": "ESF",
      "cache-control": "private",
      "x-xss-protection": "1; mode=block",
      "x-frame-options": "SAMEORIGIN",
      "x-content-type-options": "nosniff",
      "alt-svc": "quic=\":443\"; ma=2592000; v=\"44,43,39\"",
      "accept-ranges": "none",
      "transfer-encoding": "chunked"
    },
    "request": {
      "uri": {
        "protocol": "https:",
        "slashes": true,
        "auth": null,
        "host": "servicemanagement.googleapis.com",
        "port": 443,
        "hostname": "servicemanagement.googleapis.com",
        "hash": null,
        "search": "?view=CONSUMER_VIEW",
        "query": "view=CONSUMER_VIEW",
        "pathname": "/v1/services/runtimeconfig.googleapis.com/projectSettings/meal-plan-generator-745c7",
        "path": "/v1/services/runtimeconfig.googleapis.com/projectSettings/meal-plan-generator-745c7?view=CONSUMER_VIEW",
        "href": "https://servicemanagement.googleapis.com/v1/services/runtimeconfig.googleapis.com/projectSettings/meal-plan-generator-745c7?view=CONSUMER_VIEW"
      },
      "method": "GET"
    }
  }
}
[debug] [2019-02-12T19:07:41.384Z] ----------------------------------------------------------------------
[debug] [2019-02-12T19:07:41.387Z] Command:       C:\Program Files\nodejs\node.exe C:\Users\Dallin's PC\AppData\Roaming\npm\node_modules\firebase-tools\lib\bin\firebase.js deploy
[debug] [2019-02-12T19:07:41.387Z] CLI Version:   6.3.1
[debug] [2019-02-12T19:07:41.387Z] Platform:      win32
[debug] [2019-02-12T19:07:41.387Z] Node Version:  v10.15.0
[debug] [2019-02-12T19:07:41.388Z] Time:          Tue Feb 12 2019 12:07:41 GMT-0700 (Mountain Standard Time)
[debug] [2019-02-12T19:07:41.388Z] ----------------------------------------------------------------------
[debug] 
[debug] [2019-02-12T19:07:41.401Z] > command requires scopes: ["email","openid","https://www.googleapis.com/auth/cloudplatformprojects.readonly","https://www.googleapis.com/auth/firebase","https://www.googleapis.com/auth/cloud-platform"]
[debug] [2019-02-12T19:07:41.402Z] > authorizing via signed-in user
[debug] [2019-02-12T19:07:41.402Z] [iam] checking project meal-plan-generator-745c7 for permissions ["cloudfunctions.functions.create","cloudfunctions.functions.delete","cloudfunctions.functions.get","cloudfunctions.functions.list","cloudfunctions.functions.update","cloudfunctions.operations.get","datastore.indexes.create","datastore.indexes.delete","datastore.indexes.list","datastore.indexes.update","firebase.projects.get","firebasedatabase.instances.update","firebasehosting.sites.update","firebaserules.releases.create","firebaserules.releases.update","firebaserules.rulesets.create"]
[debug] [2019-02-12T19:07:41.405Z] >>> HTTP REQUEST POST https://cloudresourcemanager.googleapis.com/v1/projects/meal-plan-generator-745c7:testIamPermissions  

[debug] [2019-02-12T19:07:41.725Z] <<< HTTP RESPONSE 200
[debug] [2019-02-12T19:07:41.731Z] >>> HTTP REQUEST GET https://firebase.googleapis.com/v1beta1/projects/meal-plan-generator-745c7  
 
[debug] [2019-02-12T19:07:42.020Z] <<< HTTP RESPONSE 200
[info] 
[info] === Deploying to 'meal-plan-generator-745c7'...
[info] 
[info] i  deploying database, storage, firestore, functions, hosting
[info] Running command: npm --prefix "$RESOURCE_DIR" run lint
[info] +  functions: Finished running predeploy script.
[info] i  database: checking rules syntax...
[debug] [2019-02-12T19:07:45.901Z] >>> HTTP REQUEST PUT https://meal-plan-generator-745c7.firebaseio.com/.settings/rules.json?dryRun=true  
 {
  /* Visit https://firebase.google.com/docs/database/security to learn more about security rules. */
  "rules": {
    ".read": false,
    ".write": false
  }
}
[debug] [2019-02-12T19:07:46.073Z] <<< HTTP RESPONSE 200
[info] +  database: rules syntax for database meal-plan-generator-745c7 is valid
[debug] [2019-02-12T19:07:46.077Z] >>> HTTP REQUEST GET https://appengine.googleapis.com/v1/apps/meal-plan-generator-745c7  
 
[debug] [2019-02-12T19:07:47.241Z] <<< HTTP RESPONSE 200
[info] i  storage: checking storage.rules for compilation errors...
[debug] [2019-02-12T19:07:47.245Z] >>> HTTP REQUEST POST https://firebaserules.googleapis.com/v1/projects/meal-plan-generator-745c7:test  

[debug] [2019-02-12T19:07:47.729Z] <<< HTTP RESPONSE 200
[info] +  storage: rules file storage.rules compiled successfully
[info] i  firestore: checking firestore.rules for compilation errors...
[info] i  firestore: reading indexes from firestore.indexes.json...
[debug] [2019-02-12T19:07:47.747Z] >>> HTTP REQUEST POST https://firebaserules.googleapis.com/v1/projects/meal-plan-generator-745c7:test  

[debug] [2019-02-12T19:07:48.161Z] <<< HTTP RESPONSE 200
[info] +  firestore: rules file firestore.rules compiled successfully
[debug] [2019-02-12T19:07:48.166Z] > [functions] package.json contents: {
  "name": "functions",
  "description": "Cloud Functions for Firebase",
  "scripts": {
    "lint": "eslint .",
    "serve": "firebase serve --only functions",
    "shell": "firebase functions:shell",
    "start": "npm run shell",
    "deploy": "firebase deploy --only functions",
    "logs": "firebase functions:log"
  },
  "dependencies": {
    "firebase-admin": "~6.0.0",
    "firebase-functions": "^2.1.0"
  },
  "devDependencies": {
    "eslint": "^5.12.0",
    "eslint-plugin-promise": "^4.0.1"
  },
  "private": true
}
[info] i  functions: ensuring necessary APIs are enabled...
[debug] [2019-02-12T19:07:48.169Z] >>> HTTP REQUEST GET https://servicemanagement.googleapis.com/v1/services/cloudfunctions.googleapis.com/projectSettings/meal-plan-generator-745c7?view=CONSUMER_VIEW  
 
[debug] [2019-02-12T19:07:48.170Z] >>> HTTP REQUEST GET https://servicemanagement.googleapis.com/v1/services/runtimeconfig.googleapis.com/projectSettings/meal-plan-generator-745c7?view=CONSUMER_VIEW  
 
[debug] [2019-02-12T19:08:08.611Z] <<< HTTP RESPONSE 503
[debug] [2019-02-12T19:08:08.611Z] <<< HTTP RESPONSE BODY
[debug] [2019-02-12T19:08:08.636Z] <<< HTTP RESPONSE 503
[debug] [2019-02-12T19:08:08.637Z] <<< HTTP RESPONSE BODY
[error] 
[error] Error: HTTP Error: 503, The service is currently unavailable.
[debug] [2019-02-12T19:08:08.807Z] Error Context: {
  "body": {
    "error": {
      "code": 503,
      "message": "The service is currently unavailable.",
      "status": "UNAVAILABLE"
    }
  },
  "response": {
    "statusCode": 503,
    "body": {
      "error": {
        "code": 503,
        "message": "The service is currently unavailable.",
        "status": "UNAVAILABLE"
      }
    },
    "headers": {
      "vary": "X-Origin, Referer, Origin,Accept-Encoding",
      "content-type": "application/json; charset=UTF-8",
      "date": "Tue, 12 Feb 2019 19:08:06 GMT",
      "server": "ESF",
      "cache-control": "private",
      "x-xss-protection": "1; mode=block",
      "x-frame-options": "SAMEORIGIN",
      "x-content-type-options": "nosniff",
      "alt-svc": "quic=\":443\"; ma=2592000; v=\"44,43,39\"",
      "accept-ranges": "none",
      "transfer-encoding": "chunked"
    },
    "request": {
      "uri": {
        "protocol": "https:",
        "slashes": true,
        "auth": null,
        "host": "servicemanagement.googleapis.com",
        "port": 443,
        "hostname": "servicemanagement.googleapis.com",
        "hash": null,
        "search": "?view=CONSUMER_VIEW",
        "query": "view=CONSUMER_VIEW",
        "pathname": "/v1/services/cloudfunctions.googleapis.com/projectSettings/meal-plan-generator-745c7",
        "path": "/v1/services/cloudfunctions.googleapis.com/projectSettings/meal-plan-generator-745c7?view=CONSUMER_VIEW",
        "href": "https://servicemanagement.googleapis.com/v1/services/cloudfunctions.googleapis.com/projectSettings/meal-plan-generator-745c7?view=CONSUMER_VIEW"
      },
      "method": "GET"
    }
  }
}
[debug] [2019-02-12T19:10:49.518Z] ----------------------------------------------------------------------
[debug] [2019-02-12T19:10:49.521Z] Command:       C:\Program Files\nodejs\node.exe C:\Users\Dallin's PC\AppData\Roaming\npm\node_modules\firebase-tools\lib\bin\firebase.js deploy
[debug] [2019-02-12T19:10:49.521Z] CLI Version:   6.3.1
[debug] [2019-02-12T19:10:49.521Z] Platform:      win32
[debug] [2019-02-12T19:10:49.521Z] Node Version:  v10.15.0
[debug] [2019-02-12T19:10:49.523Z] Time:          Tue Feb 12 2019 12:10:49 GMT-0700 (Mountain Standard Time)
[debug] [2019-02-12T19:10:49.523Z] ----------------------------------------------------------------------
[debug] 
[debug] [2019-02-12T19:10:49.537Z] > command requires scopes: ["email","openid","https://www.googleapis.com/auth/cloudplatformprojects.readonly","https://www.googleapis.com/auth/firebase","https://www.googleapis.com/auth/cloud-platform"]
[debug] [2019-02-12T19:10:49.538Z] > authorizing via signed-in user
[debug] [2019-02-12T19:10:49.539Z] [iam] checking project meal-plan-generator-745c7 for permissions ["cloudfunctions.functions.create","cloudfunctions.functions.delete","cloudfunctions.functions.get","cloudfunctions.functions.list","cloudfunctions.functions.update","cloudfunctions.operations.get","datastore.indexes.create","datastore.indexes.delete","datastore.indexes.list","datastore.indexes.update","firebase.projects.get","firebasedatabase.instances.update","firebasehosting.sites.update","firebaserules.releases.create","firebaserules.releases.update","firebaserules.rulesets.create"]
[debug] [2019-02-12T19:10:49.541Z] >>> HTTP REQUEST POST https://cloudresourcemanager.googleapis.com/v1/projects/meal-plan-generator-745c7:testIamPermissions  

[debug] [2019-02-12T19:10:50.271Z] <<< HTTP RESPONSE 200
[debug] [2019-02-12T19:10:50.273Z] >>> HTTP REQUEST GET https://firebase.googleapis.com/v1beta1/projects/meal-plan-generator-745c7  
 
[debug] [2019-02-12T19:10:50.552Z] <<< HTTP RESPONSE 200
[info] 
[info] === Deploying to 'meal-plan-generator-745c7'...
[info] 
[info] i  deploying database, storage, firestore, functions, hosting
[info] Running command: npm --prefix "$RESOURCE_DIR" run lint
[info] +  functions: Finished running predeploy script.
[info] i  database: checking rules syntax...
[debug] [2019-02-12T19:10:54.484Z] >>> HTTP REQUEST PUT https://meal-plan-generator-745c7.firebaseio.com/.settings/rules.json?dryRun=true  
 {
  /* Visit https://firebase.google.com/docs/database/security to learn more about security rules. */
  "rules": {
    ".read": false,
    ".write": false
  }
}
[debug] [2019-02-12T19:10:55.329Z] <<< HTTP RESPONSE 200
[info] +  database: rules syntax for database meal-plan-generator-745c7 is valid
[debug] [2019-02-12T19:10:55.335Z] >>> HTTP REQUEST GET https://appengine.googleapis.com/v1/apps/meal-plan-generator-745c7  
 
[debug] [2019-02-12T19:10:55.911Z] <<< HTTP RESPONSE 200
[info] i  storage: checking storage.rules for compilation errors...
[debug] [2019-02-12T19:10:55.919Z] >>> HTTP REQUEST POST https://firebaserules.googleapis.com/v1/projects/meal-plan-generator-745c7:test  

[debug] [2019-02-12T19:10:56.387Z] <<< HTTP RESPONSE 200
[info] +  storage: rules file storage.rules compiled successfully
[info] i  firestore: checking firestore.rules for compilation errors...
[info] i  firestore: reading indexes from firestore.indexes.json...
[debug] [2019-02-12T19:10:56.402Z] >>> HTTP REQUEST POST https://firebaserules.googleapis.com/v1/projects/meal-plan-generator-745c7:test  

[debug] [2019-02-12T19:10:56.832Z] <<< HTTP RESPONSE 200
[info] +  firestore: rules file firestore.rules compiled successfully
[debug] [2019-02-12T19:10:56.845Z] > [functions] package.json contents: {
  "name": "functions",
  "description": "Cloud Functions for Firebase",
  "scripts": {
    "lint": "eslint .",
    "serve": "firebase serve --only functions",
    "shell": "firebase functions:shell",
    "start": "npm run shell",
    "deploy": "firebase deploy --only functions",
    "logs": "firebase functions:log"
  },
  "dependencies": {
    "firebase-admin": "~6.0.0",
    "firebase-functions": "^2.1.0"
  },
  "devDependencies": {
    "eslint": "^5.12.0",
    "eslint-plugin-promise": "^4.0.1"
  },
  "private": true
}
[info] i  functions: ensuring necessary APIs are enabled...
[debug] [2019-02-12T19:10:56.850Z] >>> HTTP REQUEST GET https://servicemanagement.googleapis.com/v1/services/cloudfunctions.googleapis.com/projectSettings/meal-plan-generator-745c7?view=CONSUMER_VIEW  
 
[debug] [2019-02-12T19:10:56.851Z] >>> HTTP REQUEST GET https://servicemanagement.googleapis.com/v1/services/runtimeconfig.googleapis.com/projectSettings/meal-plan-generator-745c7?view=CONSUMER_VIEW  
 
[debug] [2019-02-12T19:11:17.298Z] <<< HTTP RESPONSE 503
[debug] [2019-02-12T19:11:17.299Z] <<< HTTP RESPONSE BODY
[debug] [2019-02-12T19:11:17.315Z] <<< HTTP RESPONSE 503
[debug] [2019-02-12T19:11:17.316Z] <<< HTTP RESPONSE BODY
[error] 
[error] Error: HTTP Error: 503, The service is currently unavailable.
[debug] [2019-02-12T19:11:17.490Z] Error Context: {
  "body": {
    "error": {
      "code": 503,
      "message": "The service is currently unavailable.",
      "status": "UNAVAILABLE"
    }
  },
  "response": {
    "statusCode": 503,
    "body": {
      "error": {
        "code": 503,
        "message": "The service is currently unavailable.",
        "status": "UNAVAILABLE"
      }
    },
    "headers": {
      "vary": "X-Origin, Referer, Origin,Accept-Encoding",
      "content-type": "application/json; charset=UTF-8",
      "date": "Tue, 12 Feb 2019 19:11:14 GMT",
      "server": "ESF",
      "cache-control": "private",
      "x-xss-protection": "1; mode=block",
      "x-frame-options": "SAMEORIGIN",
      "x-content-type-options": "nosniff",
      "alt-svc": "quic=\":443\"; ma=2592000; v=\"44,43,39\"",
      "accept-ranges": "none",
      "transfer-encoding": "chunked"
    },
    "request": {
      "uri": {
        "protocol": "https:",
        "slashes": true,
        "auth": null,
        "host": "servicemanagement.googleapis.com",
        "port": 443,
        "hostname": "servicemanagement.googleapis.com",
        "hash": null,
        "search": "?view=CONSUMER_VIEW",
        "query": "view=CONSUMER_VIEW",
        "pathname": "/v1/services/cloudfunctions.googleapis.com/projectSettings/meal-plan-generator-745c7",
        "path": "/v1/services/cloudfunctions.googleapis.com/projectSettings/meal-plan-generator-745c7?view=CONSUMER_VIEW",
        "href": "https://servicemanagement.googleapis.com/v1/services/cloudfunctions.googleapis.com/projectSettings/meal-plan-generator-745c7?view=CONSUMER_VIEW"
      },
      "method": "GET"
    }
  }
}
[debug] [2019-02-12T19:14:52.986Z] ----------------------------------------------------------------------
[debug] [2019-02-12T19:14:52.989Z] Command:       C:\Program Files\nodejs\node.exe C:\Users\Dallin's PC\AppData\Roaming\npm\node_modules\firebase-tools\lib\bin\firebase.js deploy
[debug] [2019-02-12T19:14:52.989Z] CLI Version:   6.3.1
[debug] [2019-02-12T19:14:52.989Z] Platform:      win32
[debug] [2019-02-12T19:14:52.989Z] Node Version:  v10.15.0
[debug] [2019-02-12T19:14:52.990Z] Time:          Tue Feb 12 2019 12:14:52 GMT-0700 (Mountain Standard Time)
[debug] [2019-02-12T19:14:52.990Z] ----------------------------------------------------------------------
[debug] 
[debug] [2019-02-12T19:14:53.003Z] > command requires scopes: ["email","openid","https://www.googleapis.com/auth/cloudplatformprojects.readonly","https://www.googleapis.com/auth/firebase","https://www.googleapis.com/auth/cloud-platform"]
[debug] [2019-02-12T19:14:53.005Z] > authorizing via signed-in user
[debug] [2019-02-12T19:14:53.005Z] [iam] checking project meal-plan-generator-745c7 for permissions ["cloudfunctions.functions.create","cloudfunctions.functions.delete","cloudfunctions.functions.get","cloudfunctions.functions.list","cloudfunctions.functions.update","cloudfunctions.operations.get","datastore.indexes.create","datastore.indexes.delete","datastore.indexes.list","datastore.indexes.update","firebase.projects.get","firebasedatabase.instances.update","firebasehosting.sites.update","firebaserules.releases.create","firebaserules.releases.update","firebaserules.rulesets.create"]
[debug] [2019-02-12T19:14:53.008Z] >>> HTTP REQUEST POST https://cloudresourcemanager.googleapis.com/v1/projects/meal-plan-generator-745c7:testIamPermissions  

[debug] [2019-02-12T19:14:53.312Z] <<< HTTP RESPONSE 200
[debug] [2019-02-12T19:14:53.318Z] >>> HTTP REQUEST GET https://firebase.googleapis.com/v1beta1/projects/meal-plan-generator-745c7  
 
[debug] [2019-02-12T19:14:53.587Z] <<< HTTP RESPONSE 200
[info] 
[info] === Deploying to 'meal-plan-generator-745c7'...
[info] 
[info] i  deploying database, storage, firestore, functions, hosting
[info] Running command: npm --prefix "$RESOURCE_DIR" run lint
[info] +  functions: Finished running predeploy script.
[info] i  database: checking rules syntax...
[debug] [2019-02-12T19:14:57.459Z] >>> HTTP REQUEST PUT https://meal-plan-generator-745c7.firebaseio.com/.settings/rules.json?dryRun=true  
 {
  /* Visit https://firebase.google.com/docs/database/security to learn more about security rules. */
  "rules": {
    ".read": false,
    ".write": false
  }
}
[debug] [2019-02-12T19:14:57.660Z] <<< HTTP RESPONSE 200
[info] +  database: rules syntax for database meal-plan-generator-745c7 is valid
[debug] [2019-02-12T19:14:57.667Z] >>> HTTP REQUEST GET https://appengine.googleapis.com/v1/apps/meal-plan-generator-745c7  
 
[debug] [2019-02-12T19:14:58.247Z] <<< HTTP RESPONSE 200
[info] i  storage: checking storage.rules for compilation errors...
[debug] [2019-02-12T19:14:58.258Z] >>> HTTP REQUEST POST https://firebaserules.googleapis.com/v1/projects/meal-plan-generator-745c7:test  

[debug] [2019-02-12T19:14:58.744Z] <<< HTTP RESPONSE 200
[info] +  storage: rules file storage.rules compiled successfully
[info] i  firestore: checking firestore.rules for compilation errors...
[info] i  firestore: reading indexes from firestore.indexes.json...
[debug] [2019-02-12T19:14:58.752Z] >>> HTTP REQUEST POST https://firebaserules.googleapis.com/v1/projects/meal-plan-generator-745c7:test  

[debug] [2019-02-12T19:14:59.161Z] <<< HTTP RESPONSE 200
[info] +  firestore: rules file firestore.rules compiled successfully
[debug] [2019-02-12T19:14:59.170Z] > [functions] package.json contents: {
  "name": "functions",
  "description": "Cloud Functions for Firebase",
  "scripts": {
    "lint": "eslint .",
    "serve": "firebase serve --only functions",
    "shell": "firebase functions:shell",
    "start": "npm run shell",
    "deploy": "firebase deploy --only functions",
    "logs": "firebase functions:log"
  },
  "dependencies": {
    "firebase-admin": "~6.0.0",
    "firebase-functions": "^2.1.0"
  },
  "devDependencies": {
    "eslint": "^5.12.0",
    "eslint-plugin-promise": "^4.0.1"
  },
  "private": true
}
[info] i  functions: ensuring necessary APIs are enabled...
[debug] [2019-02-12T19:14:59.175Z] >>> HTTP REQUEST GET https://servicemanagement.googleapis.com/v1/services/cloudfunctions.googleapis.com/projectSettings/meal-plan-generator-745c7?view=CONSUMER_VIEW  
 
[debug] [2019-02-12T19:14:59.177Z] >>> HTTP REQUEST GET https://servicemanagement.googleapis.com/v1/services/runtimeconfig.googleapis.com/projectSettings/meal-plan-generator-745c7?view=CONSUMER_VIEW  
 
[debug] [2019-02-12T19:15:19.614Z] <<< HTTP RESPONSE 503
[debug] [2019-02-12T19:15:19.615Z] <<< HTTP RESPONSE BODY
[debug] [2019-02-12T19:15:19.626Z] <<< HTTP RESPONSE 503
[debug] [2019-02-12T19:15:19.626Z] <<< HTTP RESPONSE BODY
[error] 
[error] Error: HTTP Error: 503, The service is currently unavailable.
[debug] [2019-02-12T19:15:19.801Z] Error Context: {
  "body": {
    "error": {
      "code": 503,
      "message": "The service is currently unavailable.",
      "status": "UNAVAILABLE"
    }
  },
  "response": {
    "statusCode": 503,
    "body": {
      "error": {
        "code": 503,
        "message": "The service is currently unavailable.",
        "status": "UNAVAILABLE"
      }
    },
    "headers": {
      "vary": "X-Origin, Referer, Origin,Accept-Encoding",
      "content-type": "application/json; charset=UTF-8",
      "date": "Tue, 12 Feb 2019 19:15:17 GMT",
      "server": "ESF",
      "cache-control": "private",
      "x-xss-protection": "1; mode=block",
      "x-frame-options": "SAMEORIGIN",
      "x-content-type-options": "nosniff",
      "alt-svc": "quic=\":443\"; ma=2592000; v=\"44,43,39\"",
      "accept-ranges": "none",
      "transfer-encoding": "chunked"
    },
    "request": {
      "uri": {
        "protocol": "https:",
        "slashes": true,
        "auth": null,
        "host": "servicemanagement.googleapis.com",
        "port": 443,
        "hostname": "servicemanagement.googleapis.com",
        "hash": null,
        "search": "?view=CONSUMER_VIEW",
        "query": "view=CONSUMER_VIEW",
        "pathname": "/v1/services/cloudfunctions.googleapis.com/projectSettings/meal-plan-generator-745c7",
        "path": "/v1/services/cloudfunctions.googleapis.com/projectSettings/meal-plan-generator-745c7?view=CONSUMER_VIEW",
        "href": "https://servicemanagement.googleapis.com/v1/services/cloudfunctions.googleapis.com/projectSettings/meal-plan-generator-745c7?view=CONSUMER_VIEW"
      },
      "method": "GET"
    }
  }
}
